

Started GET "/" for ::1 at 2016-11-28 14:21:12 -0500

ActiveRecord::PendingMigrationError (

Migrations are pending. To resolve this issue, run:

	bin/rake db:migrate RAILS_ENV=development

):
  activerecord (4.2.7.1) lib/active_record/migration.rb:392:in `check_pending!'
  activerecord (4.2.7.1) lib/active_record/migration.rb:373:in `call'
  actionpack (4.2.7.1) lib/action_dispatch/middleware/callbacks.rb:29:in `block in call'
  activesupport (4.2.7.1) lib/active_support/callbacks.rb:88:in `__run_callbacks__'
  activesupport (4.2.7.1) lib/active_support/callbacks.rb:778:in `_run_call_callbacks'
  activesupport (4.2.7.1) lib/active_support/callbacks.rb:81:in `run_callbacks'
  actionpack (4.2.7.1) lib/action_dispatch/middleware/callbacks.rb:27:in `call'
  actionpack (4.2.7.1) lib/action_dispatch/middleware/reloader.rb:73:in `call'
  actionpack (4.2.7.1) lib/action_dispatch/middleware/remote_ip.rb:78:in `call'
  actionpack (4.2.7.1) lib/action_dispatch/middleware/debug_exceptions.rb:17:in `call'
  web-console (2.3.0) lib/web_console/middleware.rb:28:in `block in call'
  web-console (2.3.0) lib/web_console/middleware.rb:18:in `catch'
  web-console (2.3.0) lib/web_console/middleware.rb:18:in `call'
  actionpack (4.2.7.1) lib/action_dispatch/middleware/show_exceptions.rb:30:in `call'
  railties (4.2.7.1) lib/rails/rack/logger.rb:38:in `call_app'
  railties (4.2.7.1) lib/rails/rack/logger.rb:20:in `block in call'
  activesupport (4.2.7.1) lib/active_support/tagged_logging.rb:68:in `block in tagged'
  activesupport (4.2.7.1) lib/active_support/tagged_logging.rb:26:in `tagged'
  activesupport (4.2.7.1) lib/active_support/tagged_logging.rb:68:in `tagged'
  railties (4.2.7.1) lib/rails/rack/logger.rb:20:in `call'
  actionpack (4.2.7.1) lib/action_dispatch/middleware/request_id.rb:21:in `call'
  rack (1.6.4) lib/rack/methodoverride.rb:22:in `call'
  rack (1.6.4) lib/rack/runtime.rb:18:in `call'
  activesupport (4.2.7.1) lib/active_support/cache/strategy/local_cache_middleware.rb:28:in `call'
  rack (1.6.4) lib/rack/lock.rb:17:in `call'
  actionpack (4.2.7.1) lib/action_dispatch/middleware/static.rb:120:in `call'
  rack (1.6.4) lib/rack/sendfile.rb:113:in `call'
  railties (4.2.7.1) lib/rails/engine.rb:518:in `call'
  railties (4.2.7.1) lib/rails/application.rb:165:in `call'
  rack (1.6.4) lib/rack/lock.rb:17:in `call'
  rack (1.6.4) lib/rack/content_length.rb:15:in `call'
  rack (1.6.4) lib/rack/handler/webrick.rb:88:in `service'
  /Users/gracewu/.rvm/rubies/ruby-2.3.0/lib/ruby/2.3.0/webrick/httpserver.rb:140:in `service'
  /Users/gracewu/.rvm/rubies/ruby-2.3.0/lib/ruby/2.3.0/webrick/httpserver.rb:96:in `run'
  /Users/gracewu/.rvm/rubies/ruby-2.3.0/lib/ruby/2.3.0/webrick/server.rb:296:in `block in start_thread'


  Rendered /Users/gracewu/.rvm/gems/ruby-2.3.0/gems/actionpack-4.2.7.1/lib/action_dispatch/middleware/templates/rescues/_source.erb (3.8ms)
  Rendered /Users/gracewu/.rvm/gems/ruby-2.3.0/gems/actionpack-4.2.7.1/lib/action_dispatch/middleware/templates/rescues/_trace.html.erb (1.7ms)
  Rendered /Users/gracewu/.rvm/gems/ruby-2.3.0/gems/actionpack-4.2.7.1/lib/action_dispatch/middleware/templates/rescues/_request_and_response.html.erb (2.0ms)
  Rendered /Users/gracewu/.rvm/gems/ruby-2.3.0/gems/actionpack-4.2.7.1/lib/action_dispatch/middleware/templates/rescues/diagnostics.html.erb within rescues/layout (92.7ms)
  Rendered /Users/gracewu/.rvm/gems/ruby-2.3.0/gems/web-console-2.3.0/lib/web_console/templates/_markup.html.erb (0.7ms)
  Rendered /Users/gracewu/.rvm/gems/ruby-2.3.0/gems/web-console-2.3.0/lib/web_console/templates/_inner_console_markup.html.erb within layouts/inlined_string (0.4ms)
  Rendered /Users/gracewu/.rvm/gems/ruby-2.3.0/gems/web-console-2.3.0/lib/web_console/templates/_prompt_box_markup.html.erb within layouts/inlined_string (0.5ms)
  Rendered /Users/gracewu/.rvm/gems/ruby-2.3.0/gems/web-console-2.3.0/lib/web_console/templates/style.css.erb within layouts/inlined_string (0.4ms)
  Rendered /Users/gracewu/.rvm/gems/ruby-2.3.0/gems/web-console-2.3.0/lib/web_console/templates/console.js.erb within layouts/javascript (128.9ms)
  Rendered /Users/gracewu/.rvm/gems/ruby-2.3.0/gems/web-console-2.3.0/lib/web_console/templates/main.js.erb within layouts/javascript (0.6ms)
  Rendered /Users/gracewu/.rvm/gems/ruby-2.3.0/gems/web-console-2.3.0/lib/web_console/templates/error_page.js.erb within layouts/javascript (0.8ms)
  Rendered /Users/gracewu/.rvm/gems/ruby-2.3.0/gems/web-console-2.3.0/lib/web_console/templates/index.html.erb (230.7ms)
  [1m[36m (2.6ms)[0m  [1mCREATE TABLE "schema_migrations" ("version" varchar NOT NULL) [0m
  [1m[35m (1.0ms)[0m  select sqlite_version(*)
  [1m[36m (7.4ms)[0m  [1mCREATE UNIQUE INDEX "unique_schema_migrations" ON "schema_migrations" ("version")[0m
  [1m[35mActiveRecord::SchemaMigration Load (0.3ms)[0m  SELECT "schema_migrations".* FROM "schema_migrations"
Migrating to CreateExperiences (20161029174752)
  [1m[36m (0.1ms)[0m  [1mbegin transaction[0m
  [1m[35m (0.5ms)[0m  CREATE TABLE "experiences" ("id" INTEGER PRIMARY KEY AUTOINCREMENT NOT NULL, "start" date, "end" date, "current" boolean, "title" varchar, "company" varchar, "description" varchar, "user_id" integer, "created_at" datetime NOT NULL, "updated_at" datetime NOT NULL) 
  [1m[36m (0.1ms)[0m  [1mCREATE  INDEX "index_experiences_on_user_id" ON "experiences" ("user_id")[0m
  [1m[35mSQL (0.4ms)[0m  INSERT INTO "schema_migrations" ("version") VALUES (?)  [["version", "20161029174752"]]
  [1m[36m (2.7ms)[0m  [1mcommit transaction[0m
Migrating to CreateEducations (20161029174938)
  [1m[35m (0.1ms)[0m  begin transaction
  [1m[36m (0.5ms)[0m  [1mCREATE TABLE "educations" ("id" INTEGER PRIMARY KEY AUTOINCREMENT NOT NULL, "start" date, "end" date, "current" boolean, "degree" varchar, "school" varchar, "gpa" float, "major" varchar, "minor" varchar, "user_id" integer, "created_at" datetime NOT NULL, "updated_at" datetime NOT NULL) [0m
  [1m[35m (0.1ms)[0m  CREATE  INDEX "index_educations_on_user_id" ON "educations" ("user_id")
  [1m[36mSQL (0.1ms)[0m  [1mINSERT INTO "schema_migrations" ("version") VALUES (?)[0m  [["version", "20161029174938"]]
  [1m[35m (2.7ms)[0m  commit transaction
Migrating to CreateExtracurriculars (20161029175048)
  [1m[36m (0.3ms)[0m  [1mbegin transaction[0m
  [1m[35m (0.9ms)[0m  CREATE TABLE "extracurriculars" ("id" INTEGER PRIMARY KEY AUTOINCREMENT NOT NULL, "start" date, "end" date, "organization" varchar, "current" boolean, "position" varchar, "description" varchar, "user_id" integer, "created_at" datetime NOT NULL, "updated_at" datetime NOT NULL) 
  [1m[36m (0.1ms)[0m  [1mCREATE  INDEX "index_extracurriculars_on_user_id" ON "extracurriculars" ("user_id")[0m
  [1m[35mSQL (0.2ms)[0m  INSERT INTO "schema_migrations" ("version") VALUES (?)  [["version", "20161029175048"]]
  [1m[36m (2.4ms)[0m  [1mcommit transaction[0m
Migrating to CreateAwards (20161029175151)
  [1m[35m (0.1ms)[0m  begin transaction
  [1m[36m (0.6ms)[0m  [1mCREATE TABLE "awards" ("id" INTEGER PRIMARY KEY AUTOINCREMENT NOT NULL, "name" varchar, "description" varchar, "date" date, "user_id" integer, "created_at" datetime NOT NULL, "updated_at" datetime NOT NULL) [0m
  [1m[35m (0.2ms)[0m  CREATE  INDEX "index_awards_on_user_id" ON "awards" ("user_id")
  [1m[36mSQL (0.3ms)[0m  [1mINSERT INTO "schema_migrations" ("version") VALUES (?)[0m  [["version", "20161029175151"]]
  [1m[35m (2.4ms)[0m  commit transaction
Migrating to CreateGithubs (20161029175247)
  [1m[36m (0.1ms)[0m  [1mbegin transaction[0m
  [1m[35m (0.4ms)[0m  CREATE TABLE "githubs" ("id" INTEGER PRIMARY KEY AUTOINCREMENT NOT NULL, "path" varchar, "username" varchar, "user_id" integer, "created_at" datetime NOT NULL, "updated_at" datetime NOT NULL) 
  [1m[36m (0.1ms)[0m  [1mCREATE  INDEX "index_githubs_on_user_id" ON "githubs" ("user_id")[0m
  [1m[35mSQL (0.1ms)[0m  INSERT INTO "schema_migrations" ("version") VALUES (?)  [["version", "20161029175247"]]
  [1m[36m (2.5ms)[0m  [1mcommit transaction[0m
Migrating to CreateLinkedins (20161029175333)
  [1m[35m (0.1ms)[0m  begin transaction
  [1m[36m (0.4ms)[0m  [1mCREATE TABLE "linkedins" ("id" INTEGER PRIMARY KEY AUTOINCREMENT NOT NULL, "path" varchar, "username" varchar, "user_id" integer, "created_at" datetime NOT NULL, "updated_at" datetime NOT NULL) [0m
  [1m[35m (0.1ms)[0m  CREATE  INDEX "index_linkedins_on_user_id" ON "linkedins" ("user_id")
  [1m[36mSQL (0.1ms)[0m  [1mINSERT INTO "schema_migrations" ("version") VALUES (?)[0m  [["version", "20161029175333"]]
  [1m[35m (2.4ms)[0m  commit transaction
Migrating to CreateAdmins (20161029175448)
  [1m[36m (0.1ms)[0m  [1mbegin transaction[0m
  [1m[35m (0.4ms)[0m  CREATE TABLE "admins" ("id" INTEGER PRIMARY KEY AUTOINCREMENT NOT NULL, "api_auth_token" varchar, "email" varchar, "first_name" varchar, "middle_name" varchar, "last_name" varchar, "created_at" datetime NOT NULL, "updated_at" datetime NOT NULL) 
  [1m[36mSQL (0.1ms)[0m  [1mINSERT INTO "schema_migrations" ("version") VALUES (?)[0m  [["version", "20161029175448"]]
  [1m[35m (2.4ms)[0m  commit transaction
Migrating to CreateUsers (20161029201201)
  [1m[36m (0.1ms)[0m  [1mbegin transaction[0m
  [1m[35m (0.4ms)[0m  CREATE TABLE "users" ("id" INTEGER PRIMARY KEY AUTOINCREMENT NOT NULL, "first_name" varchar, "middle_name" varchar, "last_name" varchar, "dob" date, "phone" bigint, "email" varchar, "street_address" varchar, "city" varchar, "state" varchar, "country" varchar, "zipcode" varchar, "created_at" datetime NOT NULL, "updated_at" datetime NOT NULL) 
  [1m[36mSQL (0.1ms)[0m  [1mINSERT INTO "schema_migrations" ("version") VALUES (?)[0m  [["version", "20161029201201"]]
  [1m[35m (2.4ms)[0m  commit transaction
Migrating to RemoveEndFromEducation (20161106211218)
  [1m[36m (0.1ms)[0m  [1mbegin transaction[0m
  [1m[35m (0.6ms)[0m  CREATE TEMPORARY TABLE "aeducations" ("id" INTEGER PRIMARY KEY AUTOINCREMENT NOT NULL, "start" date, "end" date, "current" boolean, "degree" varchar, "school" varchar, "gpa" float, "major" varchar, "minor" varchar, "user_id" integer, "created_at" datetime NOT NULL, "updated_at" datetime NOT NULL) 
  [1m[36m (0.1ms)[0m  [1m            SELECT sql
            FROM sqlite_master
            WHERE name='index_educations_on_user_id' AND type='index'
            UNION ALL
            SELECT sql
            FROM sqlite_temp_master
            WHERE name='index_educations_on_user_id' AND type='index'
[0m
  [1m[35m (0.1ms)[0m  CREATE  INDEX "tindex_aeducations_on_user_id" ON "aeducations" ("user_id")
  [1m[36m (0.1ms)[0m  [1mSELECT * FROM "educations"[0m
  [1m[35m (2.5ms)[0m  DROP TABLE "educations"
  [1m[36m (0.2ms)[0m  [1mCREATE TABLE "educations" ("id" INTEGER PRIMARY KEY AUTOINCREMENT NOT NULL, "start" date, "current" boolean, "degree" varchar, "school" varchar, "gpa" float, "major" varchar, "minor" varchar, "user_id" integer, "created_at" datetime NOT NULL, "updated_at" datetime NOT NULL) [0m
  [1m[35m (0.1ms)[0m              SELECT sql
            FROM sqlite_master
            WHERE name='tindex_aeducations_on_user_id' AND type='index'
            UNION ALL
            SELECT sql
            FROM sqlite_temp_master
            WHERE name='tindex_aeducations_on_user_id' AND type='index'

  [1m[36m (0.1ms)[0m  [1mCREATE  INDEX "index_educations_on_user_id" ON "educations" ("user_id")[0m
  [1m[35m (0.1ms)[0m  SELECT * FROM "aeducations"
  [1m[36m (0.3ms)[0m  [1mDROP TABLE "aeducations"[0m
  [1m[35mSQL (0.1ms)[0m  INSERT INTO "schema_migrations" ("version") VALUES (?)  [["version", "20161106211218"]]
  [1m[36m (2.8ms)[0m  [1mcommit transaction[0m
Migrating to AddEndDateToEducation (20161106211311)
  [1m[35m (0.1ms)[0m  begin transaction
  [1m[36m (0.8ms)[0m  [1mALTER TABLE "educations" ADD "end_date" date[0m
  [1m[35mSQL (0.2ms)[0m  INSERT INTO "schema_migrations" ("version") VALUES (?)  [["version", "20161106211311"]]
  [1m[36m (5.3ms)[0m  [1mcommit transaction[0m
Migrating to DropEndFromExtracurricular (20161106213948)
  [1m[35m (0.1ms)[0m  begin transaction
  [1m[36mSQL (0.3ms)[0m  [1mINSERT INTO "schema_migrations" ("version") VALUES (?)[0m  [["version", "20161106213948"]]
  [1m[35m (2.9ms)[0m  commit transaction
Migrating to AddEndDateToExtracurricular (20161106214002)
  [1m[36m (0.1ms)[0m  [1mbegin transaction[0m
  [1m[35m (0.6ms)[0m  ALTER TABLE "extracurriculars" ADD "end_date" date
  [1m[36mSQL (0.1ms)[0m  [1mINSERT INTO "schema_migrations" ("version") VALUES (?)[0m  [["version", "20161106214002"]]
  [1m[35m (2.6ms)[0m  commit transaction
Migrating to DropEndFromExperience (20161106214709)
  [1m[36m (0.1ms)[0m  [1mbegin transaction[0m
  [1m[35mSQL (0.4ms)[0m  INSERT INTO "schema_migrations" ("version") VALUES (?)  [["version", "20161106214709"]]
  [1m[36m (2.5ms)[0m  [1mcommit transaction[0m
Migrating to AddEndDateToExperience (20161106214723)
  [1m[35m (0.2ms)[0m  begin transaction
  [1m[36m (0.7ms)[0m  [1mALTER TABLE "experiences" ADD "end_date" date[0m
  [1m[35mSQL (0.1ms)[0m  INSERT INTO "schema_migrations" ("version") VALUES (?)  [["version", "20161106214723"]]
  [1m[36m (2.5ms)[0m  [1mcommit transaction[0m
Migrating to RemoveEndFromExperience (20161106215435)
  [1m[35m (0.1ms)[0m  begin transaction
  [1m[36m (0.3ms)[0m  [1mCREATE TEMPORARY TABLE "aexperiences" ("id" INTEGER PRIMARY KEY AUTOINCREMENT NOT NULL, "start" date, "end" date, "current" boolean, "title" varchar, "company" varchar, "description" varchar, "user_id" integer, "created_at" datetime NOT NULL, "updated_at" datetime NOT NULL, "end_date" date) [0m
  [1m[35m (0.1ms)[0m              SELECT sql
            FROM sqlite_master
            WHERE name='index_experiences_on_user_id' AND type='index'
            UNION ALL
            SELECT sql
            FROM sqlite_temp_master
            WHERE name='index_experiences_on_user_id' AND type='index'

  [1m[36m (0.2ms)[0m  [1mCREATE  INDEX "tindex_aexperiences_on_user_id" ON "aexperiences" ("user_id")[0m
  [1m[35m (0.1ms)[0m  SELECT * FROM "experiences"
  [1m[36m (0.3ms)[0m  [1mDROP TABLE "experiences"[0m
  [1m[35m (0.1ms)[0m  CREATE TABLE "experiences" ("id" INTEGER PRIMARY KEY AUTOINCREMENT NOT NULL, "start" date, "current" boolean, "title" varchar, "company" varchar, "description" varchar, "user_id" integer, "created_at" datetime NOT NULL, "updated_at" datetime NOT NULL, "end_date" date) 
  [1m[36m (0.1ms)[0m  [1m            SELECT sql
            FROM sqlite_master
            WHERE name='tindex_aexperiences_on_user_id' AND type='index'
            UNION ALL
            SELECT sql
            FROM sqlite_temp_master
            WHERE name='tindex_aexperiences_on_user_id' AND type='index'
[0m
  [1m[35m (0.1ms)[0m  CREATE  INDEX "index_experiences_on_user_id" ON "experiences" ("user_id")
  [1m[36m (0.1ms)[0m  [1mSELECT * FROM "aexperiences"[0m
  [1m[35m (0.1ms)[0m  DROP TABLE "aexperiences"
  [1m[36mSQL (0.1ms)[0m  [1mINSERT INTO "schema_migrations" ("version") VALUES (?)[0m  [["version", "20161106215435"]]
  [1m[35m (2.7ms)[0m  commit transaction
Migrating to RemoveEndFromExtracurricular (20161106215449)
  [1m[36m (0.1ms)[0m  [1mbegin transaction[0m
  [1m[35m (0.2ms)[0m  CREATE TEMPORARY TABLE "aextracurriculars" ("id" INTEGER PRIMARY KEY AUTOINCREMENT NOT NULL, "start" date, "end" date, "organization" varchar, "current" boolean, "position" varchar, "description" varchar, "user_id" integer, "created_at" datetime NOT NULL, "updated_at" datetime NOT NULL, "end_date" date) 
  [1m[36m (0.1ms)[0m  [1m            SELECT sql
            FROM sqlite_master
            WHERE name='index_extracurriculars_on_user_id' AND type='index'
            UNION ALL
            SELECT sql
            FROM sqlite_temp_master
            WHERE name='index_extracurriculars_on_user_id' AND type='index'
[0m
  [1m[35m (0.1ms)[0m  CREATE  INDEX "tindex_aextracurriculars_on_user_id" ON "aextracurriculars" ("user_id")
  [1m[36m (0.1ms)[0m  [1mSELECT * FROM "extracurriculars"[0m
  [1m[35m (0.5ms)[0m  DROP TABLE "extracurriculars"
  [1m[36m (0.2ms)[0m  [1mCREATE TABLE "extracurriculars" ("id" INTEGER PRIMARY KEY AUTOINCREMENT NOT NULL, "start" date, "organization" varchar, "current" boolean, "position" varchar, "description" varchar, "user_id" integer, "created_at" datetime NOT NULL, "updated_at" datetime NOT NULL, "end_date" date) [0m
  [1m[35m (0.1ms)[0m              SELECT sql
            FROM sqlite_master
            WHERE name='tindex_aextracurriculars_on_user_id' AND type='index'
            UNION ALL
            SELECT sql
            FROM sqlite_temp_master
            WHERE name='tindex_aextracurriculars_on_user_id' AND type='index'

  [1m[36m (0.2ms)[0m  [1mCREATE  INDEX "index_extracurriculars_on_user_id" ON "extracurriculars" ("user_id")[0m
  [1m[35m (0.1ms)[0m  SELECT * FROM "aextracurriculars"
  [1m[36m (0.2ms)[0m  [1mDROP TABLE "aextracurriculars"[0m
  [1m[35mSQL (0.2ms)[0m  INSERT INTO "schema_migrations" ("version") VALUES (?)  [["version", "20161106215449"]]
  [1m[36m (2.5ms)[0m  [1mcommit transaction[0m
Migrating to CreateQuestions (20161106221001)
  [1m[35m (0.1ms)[0m  begin transaction
  [1m[36m (0.4ms)[0m  [1mCREATE TABLE "questions" ("id" INTEGER PRIMARY KEY AUTOINCREMENT NOT NULL, "question_type" varchar, "prompt" varchar, "created_at" datetime NOT NULL, "updated_at" datetime NOT NULL) [0m
  [1m[35mSQL (0.2ms)[0m  INSERT INTO "schema_migrations" ("version") VALUES (?)  [["version", "20161106221001"]]
  [1m[36m (2.5ms)[0m  [1mcommit transaction[0m
Migrating to CreateAnswers (20161106221330)
  [1m[35m (0.1ms)[0m  begin transaction
  [1m[36m (0.5ms)[0m  [1mCREATE TABLE "answers" ("id" INTEGER PRIMARY KEY AUTOINCREMENT NOT NULL, "text_answer" text, "data_type" varchar, "video_answer" blob, "question_id" integer, "user_id" integer, "created_at" datetime NOT NULL, "updated_at" datetime NOT NULL) [0m
  [1m[35m (0.1ms)[0m  CREATE  INDEX "index_answers_on_question_id" ON "answers" ("question_id")
  [1m[36m (0.1ms)[0m  [1m            SELECT sql
            FROM sqlite_master
            WHERE name='index_answers_on_question_id' AND type='index'
            UNION ALL
            SELECT sql
            FROM sqlite_temp_master
            WHERE name='index_answers_on_question_id' AND type='index'
[0m
  [1m[35m (0.2ms)[0m  CREATE  INDEX "index_answers_on_user_id" ON "answers" ("user_id")
  [1m[36mSQL (0.2ms)[0m  [1mINSERT INTO "schema_migrations" ("version") VALUES (?)[0m  [["version", "20161106221330"]]
  [1m[35m (2.8ms)[0m  commit transaction
Migrating to AddSubmittedToUser (20161106233653)
  [1m[36m (0.1ms)[0m  [1mbegin transaction[0m
  [1m[35m (0.6ms)[0m  ALTER TABLE "users" ADD "submitted" boolean
  [1m[36mSQL (0.1ms)[0m  [1mINSERT INTO "schema_migrations" ("version") VALUES (?)[0m  [["version", "20161106233653"]]
  [1m[35m (2.6ms)[0m  commit transaction
Migrating to DeviseCreateUserCredentials (20161116014327)
  [1m[36m (0.1ms)[0m  [1mbegin transaction[0m
  [1m[35m (0.6ms)[0m  CREATE TABLE "user_credentials" ("id" INTEGER PRIMARY KEY AUTOINCREMENT NOT NULL, "email" varchar DEFAULT '' NOT NULL, "encrypted_password" varchar DEFAULT '' NOT NULL, "reset_password_token" varchar, "reset_password_sent_at" datetime, "remember_created_at" datetime, "sign_in_count" integer DEFAULT 0 NOT NULL, "current_sign_in_at" datetime, "last_sign_in_at" datetime, "current_sign_in_ip" varchar, "last_sign_in_ip" varchar, "created_at" datetime NOT NULL, "updated_at" datetime NOT NULL) 
  [1m[36m (0.4ms)[0m  [1mCREATE UNIQUE INDEX "index_user_credentials_on_email" ON "user_credentials" ("email")[0m
  [1m[35m (0.1ms)[0m              SELECT sql
            FROM sqlite_master
            WHERE name='index_user_credentials_on_email' AND type='index'
            UNION ALL
            SELECT sql
            FROM sqlite_temp_master
            WHERE name='index_user_credentials_on_email' AND type='index'

  [1m[36m (0.1ms)[0m  [1mCREATE UNIQUE INDEX "index_user_credentials_on_reset_password_token" ON "user_credentials" ("reset_password_token")[0m
  [1m[35mSQL (0.1ms)[0m  INSERT INTO "schema_migrations" ("version") VALUES (?)  [["version", "20161116014327"]]
  [1m[36m (2.7ms)[0m  [1mcommit transaction[0m
Migrating to AddAttachmentVideoToAnswers (20161127014519)
  [1m[35m (0.1ms)[0m  begin transaction
  [1m[36m (0.7ms)[0m  [1mALTER TABLE "answers" ADD "video_file_name" varchar[0m
  [1m[35m (0.2ms)[0m  ALTER TABLE "answers" ADD "video_content_type" varchar
  [1m[36m (0.2ms)[0m  [1mALTER TABLE "answers" ADD "video_file_size" integer[0m
  [1m[35m (0.2ms)[0m  ALTER TABLE "answers" ADD "video_updated_at" datetime
  [1m[36mSQL (0.2ms)[0m  [1mINSERT INTO "schema_migrations" ("version") VALUES (?)[0m  [["version", "20161127014519"]]
  [1m[35m (5.5ms)[0m  commit transaction
Migrating to RemoveVideoAnswerFromAnswer (20161127025756)
  [1m[36m (0.1ms)[0m  [1mbegin transaction[0m
  [1m[35m (0.2ms)[0m  CREATE TEMPORARY TABLE "aanswers" ("id" INTEGER PRIMARY KEY AUTOINCREMENT NOT NULL, "text_answer" text, "data_type" varchar, "video_answer" blob, "question_id" integer, "user_id" integer, "created_at" datetime NOT NULL, "updated_at" datetime NOT NULL, "video_file_name" varchar, "video_content_type" varchar, "video_file_size" integer, "video_updated_at" datetime) 
  [1m[36m (0.1ms)[0m  [1m            SELECT sql
            FROM sqlite_master
            WHERE name='index_answers_on_user_id' AND type='index'
            UNION ALL
            SELECT sql
            FROM sqlite_temp_master
            WHERE name='index_answers_on_user_id' AND type='index'
[0m
  [1m[35m (0.2ms)[0m              SELECT sql
            FROM sqlite_master
            WHERE name='index_answers_on_question_id' AND type='index'
            UNION ALL
            SELECT sql
            FROM sqlite_temp_master
            WHERE name='index_answers_on_question_id' AND type='index'

  [1m[36m (0.1ms)[0m  [1mCREATE  INDEX "tindex_aanswers_on_user_id" ON "aanswers" ("user_id")[0m
  [1m[35m (0.1ms)[0m  CREATE  INDEX "tindex_aanswers_on_question_id" ON "aanswers" ("question_id")
  [1m[36m (0.0ms)[0m  [1mSELECT * FROM "answers"[0m
  [1m[35m (0.3ms)[0m  DROP TABLE "answers"
  [1m[36m (0.1ms)[0m  [1mCREATE TABLE "answers" ("id" INTEGER PRIMARY KEY AUTOINCREMENT NOT NULL, "text_answer" text, "data_type" varchar, "question_id" integer, "user_id" integer, "created_at" datetime NOT NULL, "updated_at" datetime NOT NULL, "video_file_name" varchar, "video_content_type" varchar, "video_file_size" integer, "video_updated_at" datetime) [0m
  [1m[35m (0.1ms)[0m              SELECT sql
            FROM sqlite_master
            WHERE name='tindex_aanswers_on_question_id' AND type='index'
            UNION ALL
            SELECT sql
            FROM sqlite_temp_master
            WHERE name='tindex_aanswers_on_question_id' AND type='index'

  [1m[36m (0.1ms)[0m  [1m            SELECT sql
            FROM sqlite_master
            WHERE name='tindex_aanswers_on_user_id' AND type='index'
            UNION ALL
            SELECT sql
            FROM sqlite_temp_master
            WHERE name='tindex_aanswers_on_user_id' AND type='index'
[0m
  [1m[35m (0.1ms)[0m  CREATE  INDEX "index_answers_on_question_id" ON "answers" ("question_id")
  [1m[36m (0.1ms)[0m  [1m            SELECT sql
            FROM sqlite_master
            WHERE name='index_answers_on_question_id' AND type='index'
            UNION ALL
            SELECT sql
            FROM sqlite_temp_master
            WHERE name='index_answers_on_question_id' AND type='index'
[0m
  [1m[35m (0.1ms)[0m  CREATE  INDEX "index_answers_on_user_id" ON "answers" ("user_id")
  [1m[36m (0.1ms)[0m  [1mSELECT * FROM "aanswers"[0m
  [1m[35m (0.2ms)[0m  DROP TABLE "aanswers"
  [1m[36mSQL (0.1ms)[0m  [1mINSERT INTO "schema_migrations" ("version") VALUES (?)[0m  [["version", "20161127025756"]]
  [1m[35m (2.6ms)[0m  commit transaction
Migrating to AddDeviseToAdmins (20161128062209)
  [1m[36m (0.1ms)[0m  [1mbegin transaction[0m
  [1m[35m (0.6ms)[0m  ALTER TABLE "admins" ADD "encrypted_password" varchar DEFAULT '' NOT NULL
  [1m[36m (0.2ms)[0m  [1mALTER TABLE "admins" ADD "reset_password_token" varchar[0m
  [1m[35m (0.2ms)[0m  ALTER TABLE "admins" ADD "reset_password_sent_at" datetime
  [1m[36m (0.2ms)[0m  [1mALTER TABLE "admins" ADD "remember_created_at" datetime[0m
  [1m[35m (0.2ms)[0m  ALTER TABLE "admins" ADD "sign_in_count" integer DEFAULT 0 NOT NULL
  [1m[36m (0.2ms)[0m  [1mALTER TABLE "admins" ADD "current_sign_in_at" datetime[0m
  [1m[35m (0.2ms)[0m  ALTER TABLE "admins" ADD "last_sign_in_at" datetime
  [1m[36m (0.2ms)[0m  [1mALTER TABLE "admins" ADD "current_sign_in_ip" varchar[0m
  [1m[35m (0.2ms)[0m  ALTER TABLE "admins" ADD "last_sign_in_ip" varchar
  [1m[36m (0.5ms)[0m  [1mCREATE UNIQUE INDEX "index_admins_on_email" ON "admins" ("email")[0m
  [1m[35m (0.1ms)[0m              SELECT sql
            FROM sqlite_master
            WHERE name='index_admins_on_email' AND type='index'
            UNION ALL
            SELECT sql
            FROM sqlite_temp_master
            WHERE name='index_admins_on_email' AND type='index'

  [1m[36m (0.2ms)[0m  [1mCREATE UNIQUE INDEX "index_admins_on_reset_password_token" ON "admins" ("reset_password_token")[0m
  [1m[35mSQL (0.1ms)[0m  INSERT INTO "schema_migrations" ("version") VALUES (?)  [["version", "20161128062209"]]
  [1m[36m (2.8ms)[0m  [1mcommit transaction[0m
Migrating to DeviseCreateAdminCredentials (20161128063315)
  [1m[35m (0.1ms)[0m  begin transaction
  [1m[36m (0.9ms)[0m  [1mCREATE TABLE "admin_credentials" ("id" INTEGER PRIMARY KEY AUTOINCREMENT NOT NULL, "email" varchar DEFAULT '' NOT NULL, "encrypted_password" varchar DEFAULT '' NOT NULL, "reset_password_token" varchar, "reset_password_sent_at" datetime, "remember_created_at" datetime, "sign_in_count" integer DEFAULT 0 NOT NULL, "current_sign_in_at" datetime, "last_sign_in_at" datetime, "current_sign_in_ip" varchar, "last_sign_in_ip" varchar, "created_at" datetime NOT NULL, "updated_at" datetime NOT NULL) [0m
  [1m[35m (0.3ms)[0m  CREATE UNIQUE INDEX "index_admin_credentials_on_email" ON "admin_credentials" ("email")
  [1m[36m (0.1ms)[0m  [1m            SELECT sql
            FROM sqlite_master
            WHERE name='index_admin_credentials_on_email' AND type='index'
            UNION ALL
            SELECT sql
            FROM sqlite_temp_master
            WHERE name='index_admin_credentials_on_email' AND type='index'
[0m
  [1m[35m (0.2ms)[0m  CREATE UNIQUE INDEX "index_admin_credentials_on_reset_password_token" ON "admin_credentials" ("reset_password_token")
  [1m[36mSQL (0.3ms)[0m  [1mINSERT INTO "schema_migrations" ("version") VALUES (?)[0m  [["version", "20161128063315"]]
  [1m[35m (3.0ms)[0m  commit transaction
  [1m[36mActiveRecord::SchemaMigration Load (0.2ms)[0m  [1mSELECT "schema_migrations".* FROM "schema_migrations"[0m
  [1m[35m (0.3ms)[0m              SELECT sql
            FROM sqlite_master
            WHERE name='index_admin_credentials_on_reset_password_token' AND type='index'
            UNION ALL
            SELECT sql
            FROM sqlite_temp_master
            WHERE name='index_admin_credentials_on_reset_password_token' AND type='index'

  [1m[36m (0.2ms)[0m  [1m            SELECT sql
            FROM sqlite_master
            WHERE name='index_admin_credentials_on_email' AND type='index'
            UNION ALL
            SELECT sql
            FROM sqlite_temp_master
            WHERE name='index_admin_credentials_on_email' AND type='index'
[0m
  [1m[35m (0.2ms)[0m              SELECT sql
            FROM sqlite_master
            WHERE name='index_admins_on_reset_password_token' AND type='index'
            UNION ALL
            SELECT sql
            FROM sqlite_temp_master
            WHERE name='index_admins_on_reset_password_token' AND type='index'

  [1m[36m (0.3ms)[0m  [1m            SELECT sql
            FROM sqlite_master
            WHERE name='index_admins_on_email' AND type='index'
            UNION ALL
            SELECT sql
            FROM sqlite_temp_master
            WHERE name='index_admins_on_email' AND type='index'
[0m
  [1m[35m (0.2ms)[0m              SELECT sql
            FROM sqlite_master
            WHERE name='index_answers_on_user_id' AND type='index'
            UNION ALL
            SELECT sql
            FROM sqlite_temp_master
            WHERE name='index_answers_on_user_id' AND type='index'

  [1m[36m (0.2ms)[0m  [1m            SELECT sql
            FROM sqlite_master
            WHERE name='index_answers_on_question_id' AND type='index'
            UNION ALL
            SELECT sql
            FROM sqlite_temp_master
            WHERE name='index_answers_on_question_id' AND type='index'
[0m
  [1m[35m (0.2ms)[0m              SELECT sql
            FROM sqlite_master
            WHERE name='index_awards_on_user_id' AND type='index'
            UNION ALL
            SELECT sql
            FROM sqlite_temp_master
            WHERE name='index_awards_on_user_id' AND type='index'

  [1m[36m (0.1ms)[0m  [1m            SELECT sql
            FROM sqlite_master
            WHERE name='index_educations_on_user_id' AND type='index'
            UNION ALL
            SELECT sql
            FROM sqlite_temp_master
            WHERE name='index_educations_on_user_id' AND type='index'
[0m
  [1m[35m (0.1ms)[0m              SELECT sql
            FROM sqlite_master
            WHERE name='index_experiences_on_user_id' AND type='index'
            UNION ALL
            SELECT sql
            FROM sqlite_temp_master
            WHERE name='index_experiences_on_user_id' AND type='index'

  [1m[36m (0.1ms)[0m  [1m            SELECT sql
            FROM sqlite_master
            WHERE name='index_extracurriculars_on_user_id' AND type='index'
            UNION ALL
            SELECT sql
            FROM sqlite_temp_master
            WHERE name='index_extracurriculars_on_user_id' AND type='index'
[0m
  [1m[35m (0.2ms)[0m              SELECT sql
            FROM sqlite_master
            WHERE name='index_githubs_on_user_id' AND type='index'
            UNION ALL
            SELECT sql
            FROM sqlite_temp_master
            WHERE name='index_githubs_on_user_id' AND type='index'

  [1m[36m (0.2ms)[0m  [1m            SELECT sql
            FROM sqlite_master
            WHERE name='index_linkedins_on_user_id' AND type='index'
            UNION ALL
            SELECT sql
            FROM sqlite_temp_master
            WHERE name='index_linkedins_on_user_id' AND type='index'
[0m
  [1m[35m (0.1ms)[0m              SELECT sql
            FROM sqlite_master
            WHERE name='index_user_credentials_on_reset_password_token' AND type='index'
            UNION ALL
            SELECT sql
            FROM sqlite_temp_master
            WHERE name='index_user_credentials_on_reset_password_token' AND type='index'

  [1m[36m (0.1ms)[0m  [1m            SELECT sql
            FROM sqlite_master
            WHERE name='index_user_credentials_on_email' AND type='index'
            UNION ALL
            SELECT sql
            FROM sqlite_temp_master
            WHERE name='index_user_credentials_on_email' AND type='index'
[0m


Started GET "/" for ::1 at 2016-11-28 14:21:59 -0500
  [1m[36mActiveRecord::SchemaMigration Load (0.2ms)[0m  [1mSELECT "schema_migrations".* FROM "schema_migrations"[0m
Processing by UsersController#index as HTML
Completed 401 Unauthorized in 34ms (ActiveRecord: 0.0ms)


Started GET "/user_credentials/sign_in" for ::1 at 2016-11-28 14:22:00 -0500
Processing by Devise::SessionsController#new as HTML
  Rendered /Users/gracewu/.rvm/gems/ruby-2.3.0/gems/devise-4.2.0/app/views/devise/shared/_links.html.erb (1.4ms)
  Rendered /Users/gracewu/.rvm/gems/ruby-2.3.0/gems/devise-4.2.0/app/views/devise/sessions/new.html.erb within layouts/application (61.0ms)
  Rendered user_credentials/shared/_logout.html.erb (0.7ms)
Completed 200 OK in 2397ms (Views: 2375.9ms | ActiveRecord: 0.6ms)


Started GET "/assets/admins.self-e3b0c44298fc1c149afbf4c8996fb92427ae41e4649b934ca495991b7852b855.css?body=1" for ::1 at 2016-11-28 14:22:02 -0500


Started GET "/assets/awards.self-e3b0c44298fc1c149afbf4c8996fb92427ae41e4649b934ca495991b7852b855.css?body=1" for ::1 at 2016-11-28 14:22:02 -0500


Started GET "/assets/educations.self-e3b0c44298fc1c149afbf4c8996fb92427ae41e4649b934ca495991b7852b855.css?body=1" for ::1 at 2016-11-28 14:22:02 -0500


Started GET "/assets/experiences.self-e3b0c44298fc1c149afbf4c8996fb92427ae41e4649b934ca495991b7852b855.css?body=1" for ::1 at 2016-11-28 14:22:02 -0500


Started GET "/assets/answers.self-e3b0c44298fc1c149afbf4c8996fb92427ae41e4649b934ca495991b7852b855.css?body=1" for ::1 at 2016-11-28 14:22:02 -0500


Started GET "/assets/bootstrap_and_overrides.self-b85ec57930a7e57658a355f494c8fca5e2691f1a1ed6bfd67ddfbf962e55a7ac.css?body=1" for ::1 at 2016-11-28 14:22:02 -0500


Started GET "/assets/extracurriculars.self-e3b0c44298fc1c149afbf4c8996fb92427ae41e4649b934ca495991b7852b855.css?body=1" for ::1 at 2016-11-28 14:22:02 -0500


Started GET "/assets/githubs.self-e3b0c44298fc1c149afbf4c8996fb92427ae41e4649b934ca495991b7852b855.css?body=1" for ::1 at 2016-11-28 14:22:02 -0500


Started GET "/assets/linkedins.self-e3b0c44298fc1c149afbf4c8996fb92427ae41e4649b934ca495991b7852b855.css?body=1" for ::1 at 2016-11-28 14:22:02 -0500


Started GET "/assets/questions.self-e3b0c44298fc1c149afbf4c8996fb92427ae41e4649b934ca495991b7852b855.css?body=1" for ::1 at 2016-11-28 14:22:02 -0500


Started GET "/assets/scaffolds.self-3e9cca654aea53cc5bf035ecc0ca076914978957da13f2f3c40bb440ff899575.css?body=1" for ::1 at 2016-11-28 14:22:02 -0500


Started GET "/assets/users.self-e3b0c44298fc1c149afbf4c8996fb92427ae41e4649b934ca495991b7852b855.css?body=1" for ::1 at 2016-11-28 14:22:02 -0500


Started GET "/assets/application.self-e80e8f2318043e8af94dddc2adad5a4f09739a8ebb323b3ab31cd71d45fd9113.css?body=1" for ::1 at 2016-11-28 14:22:02 -0500


Started GET "/assets/jquery.self-bd7ddd393353a8d2480a622e80342adf488fb6006d667e8b42e4c0073393abee.js?body=1" for ::1 at 2016-11-28 14:22:02 -0500


Started GET "/assets/jquery_ujs.self-784a997f6726036b1993eb2217c9cb558e1cbb801c6da88105588c56f13b466a.js?body=1" for ::1 at 2016-11-28 14:22:02 -0500


Started GET "/assets/twitter/bootstrap/transition.self-09ff30b1e8a93d1f7728b9855f55d9c9d8d5734c8861e0d8139994e50944572a.js?body=1" for ::1 at 2016-11-28 14:22:02 -0500


Started GET "/assets/twitter/bootstrap/alert.self-a29e91e8cd3ddaba9bbc466901d53ec2127e9256b9b941905d525a3a716bd1a5.js?body=1" for ::1 at 2016-11-28 14:22:02 -0500


Started GET "/assets/twitter/bootstrap/modal.self-72f95ffa1071297725a9ac91989693d56d1abf23f441a47455073b0da2857a5b.js?body=1" for ::1 at 2016-11-28 14:22:02 -0500


Started GET "/assets/twitter/bootstrap/dropdown.self-9314126777c6be5443e37ea7f7967d7914d72b3e60449ba50edc967446373059.js?body=1" for ::1 at 2016-11-28 14:22:02 -0500


Started GET "/assets/twitter/bootstrap/scrollspy.self-a155b9d4b2f978905f0326c0f6635e1134fe91c6bfbfcbad079fa24a9fef2b0e.js?body=1" for ::1 at 2016-11-28 14:22:02 -0500


Started GET "/assets/twitter/bootstrap/tab.self-122235057fbd4c6c7da377d59dc58f47b44cb1088a2e38e6ee6ce9d8ac29a26a.js?body=1" for ::1 at 2016-11-28 14:22:02 -0500


Started GET "/assets/twitter/bootstrap/tooltip.self-11cf547be953f25f511cec668f6690473fd97b2f65502e4032f4030999a3f0c3.js?body=1" for ::1 at 2016-11-28 14:22:02 -0500


Started GET "/assets/twitter/bootstrap/popover.self-77d8e3a2499c1104ef146396a68b82469ee2bdb365199b874694698d10405e9a.js?body=1" for ::1 at 2016-11-28 14:22:02 -0500


Started GET "/assets/twitter/bootstrap/button.self-a6cb16785434acb365ae426aef9f1fce05ed553cae7a965e4471c3da71509175.js?body=1" for ::1 at 2016-11-28 14:22:02 -0500


Started GET "/assets/twitter/bootstrap/collapse.self-7dc8bfbc2fbfabd2bad62c58ff8ffeaf8f20fb87c7ca6cd35f06d4dc19632587.js?body=1" for ::1 at 2016-11-28 14:22:02 -0500


Started GET "/assets/twitter/bootstrap/carousel.self-57eb8422043cf0a85b7a9dc6843916eb0a3e35b419c7798a5eb254b918997631.js?body=1" for ::1 at 2016-11-28 14:22:02 -0500


Started GET "/assets/twitter/bootstrap/affix.self-d2b642d8fbfc1d7041e2edefd66683ada567a980789dcd6f94fddda0b33408b5.js?body=1" for ::1 at 2016-11-28 14:22:02 -0500


Started GET "/assets/twitter/bootstrap.self-fbfa5ad7d9aa0afe439ec4ff3883acc4cb92b62cb67c40d674320c9aa1d4642d.js?body=1" for ::1 at 2016-11-28 14:22:02 -0500


Started GET "/assets/turbolinks.self-c5acd7a204f5f25ce7a1d8a0e4d92e28d34c9e2df2c7371cd7af88e147e4ad82.js?body=1" for ::1 at 2016-11-28 14:22:02 -0500


Started GET "/assets/admins.self-877aef30ae1b040ab8a3aba4e3e309a11d7f2612f44dde450b5c157aa5f95c05.js?body=1" for ::1 at 2016-11-28 14:22:02 -0500


Started GET "/assets/answers.self-877aef30ae1b040ab8a3aba4e3e309a11d7f2612f44dde450b5c157aa5f95c05.js?body=1" for ::1 at 2016-11-28 14:22:02 -0500


Started GET "/assets/awards.self-877aef30ae1b040ab8a3aba4e3e309a11d7f2612f44dde450b5c157aa5f95c05.js?body=1" for ::1 at 2016-11-28 14:22:02 -0500


Started GET "/assets/bootstrap.self-fdc98dee79ee88255e10cac6caa91338165cb76cf0d263744d8d90011fc2ef8f.js?body=1" for ::1 at 2016-11-28 14:22:02 -0500


Started GET "/assets/educations.self-877aef30ae1b040ab8a3aba4e3e309a11d7f2612f44dde450b5c157aa5f95c05.js?body=1" for ::1 at 2016-11-28 14:22:02 -0500


Started GET "/assets/experiences.self-877aef30ae1b040ab8a3aba4e3e309a11d7f2612f44dde450b5c157aa5f95c05.js?body=1" for ::1 at 2016-11-28 14:22:02 -0500


Started GET "/assets/extracurriculars.self-877aef30ae1b040ab8a3aba4e3e309a11d7f2612f44dde450b5c157aa5f95c05.js?body=1" for ::1 at 2016-11-28 14:22:02 -0500


Started GET "/assets/githubs.self-877aef30ae1b040ab8a3aba4e3e309a11d7f2612f44dde450b5c157aa5f95c05.js?body=1" for ::1 at 2016-11-28 14:22:02 -0500


Started GET "/assets/questions.self-877aef30ae1b040ab8a3aba4e3e309a11d7f2612f44dde450b5c157aa5f95c05.js?body=1" for ::1 at 2016-11-28 14:22:02 -0500


Started GET "/assets/linkedins.self-877aef30ae1b040ab8a3aba4e3e309a11d7f2612f44dde450b5c157aa5f95c05.js?body=1" for ::1 at 2016-11-28 14:22:02 -0500


Started GET "/assets/users.self-877aef30ae1b040ab8a3aba4e3e309a11d7f2612f44dde450b5c157aa5f95c05.js?body=1" for ::1 at 2016-11-28 14:22:02 -0500


Started GET "/assets/application.self-f8806224e027f3e3f0138ea9ce99319e298dfdb323304d1f1be6eae8e8c74724.js?body=1" for ::1 at 2016-11-28 14:22:02 -0500


Started GET "/images/favicon.ico" for ::1 at 2016-11-28 14:22:03 -0500

ActionController::RoutingError (No route matches [GET] "/images/favicon.ico"):
  actionpack (4.2.7.1) lib/action_dispatch/middleware/debug_exceptions.rb:21:in `call'
  web-console (2.3.0) lib/web_console/middleware.rb:28:in `block in call'
  web-console (2.3.0) lib/web_console/middleware.rb:18:in `catch'
  web-console (2.3.0) lib/web_console/middleware.rb:18:in `call'
  actionpack (4.2.7.1) lib/action_dispatch/middleware/show_exceptions.rb:30:in `call'
  railties (4.2.7.1) lib/rails/rack/logger.rb:38:in `call_app'
  railties (4.2.7.1) lib/rails/rack/logger.rb:20:in `block in call'
  activesupport (4.2.7.1) lib/active_support/tagged_logging.rb:68:in `block in tagged'
  activesupport (4.2.7.1) lib/active_support/tagged_logging.rb:26:in `tagged'
  activesupport (4.2.7.1) lib/active_support/tagged_logging.rb:68:in `tagged'
  railties (4.2.7.1) lib/rails/rack/logger.rb:20:in `call'
  actionpack (4.2.7.1) lib/action_dispatch/middleware/request_id.rb:21:in `call'
  rack (1.6.4) lib/rack/methodoverride.rb:22:in `call'
  rack (1.6.4) lib/rack/runtime.rb:18:in `call'
  activesupport (4.2.7.1) lib/active_support/cache/strategy/local_cache_middleware.rb:28:in `call'
  rack (1.6.4) lib/rack/lock.rb:17:in `call'
  actionpack (4.2.7.1) lib/action_dispatch/middleware/static.rb:120:in `call'
  rack (1.6.4) lib/rack/sendfile.rb:113:in `call'
  railties (4.2.7.1) lib/rails/engine.rb:518:in `call'
  railties (4.2.7.1) lib/rails/application.rb:165:in `call'
  rack (1.6.4) lib/rack/lock.rb:17:in `call'
  rack (1.6.4) lib/rack/content_length.rb:15:in `call'
  rack (1.6.4) lib/rack/handler/webrick.rb:88:in `service'
  /Users/gracewu/.rvm/rubies/ruby-2.3.0/lib/ruby/2.3.0/webrick/httpserver.rb:140:in `service'
  /Users/gracewu/.rvm/rubies/ruby-2.3.0/lib/ruby/2.3.0/webrick/httpserver.rb:96:in `run'
  /Users/gracewu/.rvm/rubies/ruby-2.3.0/lib/ruby/2.3.0/webrick/server.rb:296:in `block in start_thread'


  Rendered /Users/gracewu/.rvm/gems/ruby-2.3.0/gems/actionpack-4.2.7.1/lib/action_dispatch/middleware/templates/rescues/_trace.html.erb (2.4ms)
  Rendered /Users/gracewu/.rvm/gems/ruby-2.3.0/gems/actionpack-4.2.7.1/lib/action_dispatch/middleware/templates/routes/_route.html.erb (9.6ms)
  Rendered /Users/gracewu/.rvm/gems/ruby-2.3.0/gems/actionpack-4.2.7.1/lib/action_dispatch/middleware/templates/routes/_table.html.erb (4.3ms)
  Rendered /Users/gracewu/.rvm/gems/ruby-2.3.0/gems/actionpack-4.2.7.1/lib/action_dispatch/middleware/templates/rescues/_request_and_response.html.erb (3.3ms)
  Rendered /Users/gracewu/.rvm/gems/ruby-2.3.0/gems/actionpack-4.2.7.1/lib/action_dispatch/middleware/templates/rescues/routing_error.html.erb within rescues/layout (134.7ms)
  Rendered /Users/gracewu/.rvm/gems/ruby-2.3.0/gems/web-console-2.3.0/lib/web_console/templates/_markup.html.erb (0.9ms)
  Rendered /Users/gracewu/.rvm/gems/ruby-2.3.0/gems/web-console-2.3.0/lib/web_console/templates/_inner_console_markup.html.erb within layouts/inlined_string (0.7ms)
  Rendered /Users/gracewu/.rvm/gems/ruby-2.3.0/gems/web-console-2.3.0/lib/web_console/templates/_prompt_box_markup.html.erb within layouts/inlined_string (0.4ms)
  Rendered /Users/gracewu/.rvm/gems/ruby-2.3.0/gems/web-console-2.3.0/lib/web_console/templates/style.css.erb within layouts/inlined_string (0.4ms)
  Rendered /Users/gracewu/.rvm/gems/ruby-2.3.0/gems/web-console-2.3.0/lib/web_console/templates/console.js.erb within layouts/javascript (65.1ms)
  Rendered /Users/gracewu/.rvm/gems/ruby-2.3.0/gems/web-console-2.3.0/lib/web_console/templates/main.js.erb within layouts/javascript (0.4ms)
  Rendered /Users/gracewu/.rvm/gems/ruby-2.3.0/gems/web-console-2.3.0/lib/web_console/templates/error_page.js.erb within layouts/javascript (0.7ms)
  Rendered /Users/gracewu/.rvm/gems/ruby-2.3.0/gems/web-console-2.3.0/lib/web_console/templates/index.html.erb (144.3ms)


Started GET "/user_credentials/sign_up" for ::1 at 2016-11-28 14:32:48 -0500
Processing by Devise::RegistrationsController#new as HTML
  Rendered /Users/gracewu/.rvm/gems/ruby-2.3.0/gems/devise-4.2.0/app/views/devise/shared/_links.html.erb (0.7ms)
  Rendered /Users/gracewu/.rvm/gems/ruby-2.3.0/gems/devise-4.2.0/app/views/devise/registrations/new.html.erb within layouts/application (9.5ms)
  Rendered user_credentials/shared/_logout.html.erb (0.4ms)
Completed 200 OK in 268ms (Views: 267.1ms | ActiveRecord: 0.0ms)


Started POST "/user_credentials" for ::1 at 2016-11-28 14:33:14 -0500
Processing by Devise::RegistrationsController#create as HTML
  Parameters: {"utf8"=>"✓", "authenticity_token"=>"m0OiDzwWZeiQs9MEpLFQaCdYtaB1v8XFZlCXyL5vc8tsmtVg6ZpUC2rc9AQCZZY4HyZBiR4swXB/iSYiCNU3qA==", "user_credential"=>{"email"=>"mintzuhaha@gmail.com", "password"=>"[FILTERED]", "password_confirmation"=>"[FILTERED]"}, "commit"=>"Sign up"}
  [1m[35m (0.1ms)[0m  begin transaction
  [1m[36mUserCredential Exists (2.3ms)[0m  [1mSELECT  1 AS one FROM "user_credentials" WHERE "user_credentials"."email" = 'mintzuhaha@gmail.com' LIMIT 1[0m
  [1m[35mSQL (5.7ms)[0m  INSERT INTO "user_credentials" ("email", "encrypted_password", "created_at", "updated_at") VALUES (?, ?, ?, ?)  [["email", "mintzuhaha@gmail.com"], ["encrypted_password", "$2a$11$buYITKV85g1n67BHMDgzHOvOpSZZ8ocMuHN1nwZg3Xj.SSH8q8je."], ["created_at", "2016-11-28 19:33:14.289203"], ["updated_at", "2016-11-28 19:33:14.289203"]]
  [1m[36m (3.5ms)[0m  [1mcommit transaction[0m
  [1m[35m (0.1ms)[0m  begin transaction
  [1m[36mSQL (0.6ms)[0m  [1mUPDATE "user_credentials" SET "last_sign_in_at" = ?, "current_sign_in_at" = ?, "last_sign_in_ip" = ?, "current_sign_in_ip" = ?, "sign_in_count" = ?, "updated_at" = ? WHERE "user_credentials"."id" = ?[0m  [["last_sign_in_at", "2016-11-28 19:33:14.301465"], ["current_sign_in_at", "2016-11-28 19:33:14.301465"], ["last_sign_in_ip", "::1"], ["current_sign_in_ip", "::1"], ["sign_in_count", 1], ["updated_at", "2016-11-28 19:33:14.302742"], ["id", 1]]
  [1m[35m (2.5ms)[0m  commit transaction
Redirected to http://localhost:3000/
Completed 302 Found in 295ms (ActiveRecord: 14.7ms)


Started GET "/" for ::1 at 2016-11-28 14:33:14 -0500
Processing by UsersController#index as HTML
  [1m[36mUserCredential Load (0.2ms)[0m  [1mSELECT  "user_credentials".* FROM "user_credentials" WHERE "user_credentials"."id" = ?  ORDER BY "user_credentials"."id" ASC LIMIT 1[0m  [["id", 1]]
  [1m[35mUser Load (2.5ms)[0m  SELECT "users".* FROM "users"
  Rendered users/index.html.erb within layouts/application (8.6ms)
  Rendered user_credentials/shared/_logout.html.erb (0.3ms)
Completed 200 OK in 145ms (Views: 122.3ms | ActiveRecord: 3.0ms)


Started GET "/users/new" for ::1 at 2016-11-28 14:33:18 -0500
Processing by UsersController#new as HTML
  [1m[36mUserCredential Load (0.3ms)[0m  [1mSELECT  "user_credentials".* FROM "user_credentials" WHERE "user_credentials"."id" = ?  ORDER BY "user_credentials"."id" ASC LIMIT 1[0m  [["id", 1]]
  Rendered users/_form.html.erb (19.0ms)
  Rendered users/new.html.erb within layouts/application (25.7ms)
  Rendered user_credentials/shared/_logout.html.erb (0.4ms)
Completed 200 OK in 180ms (Views: 158.1ms | ActiveRecord: 0.5ms)


Started POST "/users" for ::1 at 2016-11-28 14:35:34 -0500
Processing by UsersController#create as HTML
  Parameters: {"utf8"=>"✓", "authenticity_token"=>"HB/tgczEUHdG9U8Lfvx7jHmYTHo6GgfgTBzyeFF/Z4vrxpruGUhhlLyaaAvYKL3cQea4U1GJA1VVxUOS58Uj6A==", "user"=>{"first_name"=>"Mintz", "middle_name"=>"", "last_name"=>"Wu", "dob(1i)"=>"2011", "dob(2i)"=>"11", "dob(3i)"=>"30", "phone"=>"2159100000", "email"=>"mintzuhaha@gmail.com", "street_address"=>"3901 Locust Walk", "city"=>"Philadelphia", "state"=>"PA", "country"=>"USA", "zipcode"=>"19104", "submitted"=>"0"}, "commit"=>"Create User"}
  [1m[35mUserCredential Load (0.2ms)[0m  SELECT  "user_credentials".* FROM "user_credentials" WHERE "user_credentials"."id" = ?  ORDER BY "user_credentials"."id" ASC LIMIT 1  [["id", 1]]
  [1m[36m (0.1ms)[0m  [1mbegin transaction[0m
  [1m[35mSQL (0.7ms)[0m  INSERT INTO "users" ("first_name", "middle_name", "last_name", "phone", "email", "street_address", "city", "state", "country", "zipcode", "submitted", "dob", "created_at", "updated_at") VALUES (?, ?, ?, ?, ?, ?, ?, ?, ?, ?, ?, ?, ?, ?)  [["first_name", "Mintz"], ["middle_name", ""], ["last_name", "Wu"], ["phone", 2159100000], ["email", "mintzuhaha@gmail.com"], ["street_address", "3901 Locust Walk"], ["city", "Philadelphia"], ["state", "PA"], ["country", "USA"], ["zipcode", "19104"], ["submitted", "f"], ["dob", "2011-11-30"], ["created_at", "2016-11-28 19:35:34.998747"], ["updated_at", "2016-11-28 19:35:34.998747"]]
  [1m[36m (2.7ms)[0m  [1mcommit transaction[0m
Redirected to http://localhost:3000/users/1
Completed 302 Found in 16ms (ActiveRecord: 3.6ms)


Started GET "/users/1" for ::1 at 2016-11-28 14:35:35 -0500
Processing by UsersController#show as HTML
  Parameters: {"id"=>"1"}
  [1m[35mUserCredential Load (0.1ms)[0m  SELECT  "user_credentials".* FROM "user_credentials" WHERE "user_credentials"."id" = ?  ORDER BY "user_credentials"."id" ASC LIMIT 1  [["id", 1]]
  [1m[36mUser Exists (0.1ms)[0m  [1mSELECT  1 AS one FROM "users" WHERE "users"."id" = ? LIMIT 1[0m  [["id", 1]]
  [1m[35mUser Load (0.2ms)[0m  SELECT  "users".* FROM "users" WHERE "users"."id" = ? LIMIT 1  [["id", 1]]
  Rendered users/show.html.erb within layouts/application (4.3ms)
  Rendered user_credentials/shared/_logout.html.erb (0.4ms)
Completed 200 OK in 102ms (Views: 93.4ms | ActiveRecord: 0.5ms)


Started GET "/users/1/edit" for ::1 at 2016-11-28 14:35:37 -0500
Processing by UsersController#edit as HTML
  Parameters: {"id"=>"1"}
  [1m[36mUserCredential Load (0.2ms)[0m  [1mSELECT  "user_credentials".* FROM "user_credentials" WHERE "user_credentials"."id" = ?  ORDER BY "user_credentials"."id" ASC LIMIT 1[0m  [["id", 1]]
  [1m[35mUser Exists (0.2ms)[0m  SELECT  1 AS one FROM "users" WHERE "users"."id" = ? LIMIT 1  [["id", 1]]
  [1m[36mUser Load (0.2ms)[0m  [1mSELECT  "users".* FROM "users" WHERE "users"."id" = ? LIMIT 1[0m  [["id", 1]]
  Rendered users/_form.html.erb (12.6ms)
  Rendered users/edit.html.erb within layouts/application (18.0ms)
  Rendered user_credentials/shared/_logout.html.erb (0.5ms)
Completed 200 OK in 114ms (Views: 108.3ms | ActiveRecord: 0.5ms)


Started GET "/users/1/edit" for ::1 at 2016-11-28 14:35:40 -0500
Processing by UsersController#edit as HTML
  Parameters: {"id"=>"1"}
  [1m[35mUserCredential Load (0.2ms)[0m  SELECT  "user_credentials".* FROM "user_credentials" WHERE "user_credentials"."id" = ?  ORDER BY "user_credentials"."id" ASC LIMIT 1  [["id", 1]]
  [1m[36mUser Exists (0.1ms)[0m  [1mSELECT  1 AS one FROM "users" WHERE "users"."id" = ? LIMIT 1[0m  [["id", 1]]
  [1m[35mUser Load (0.1ms)[0m  SELECT  "users".* FROM "users" WHERE "users"."id" = ? LIMIT 1  [["id", 1]]
  Rendered users/_form.html.erb (6.6ms)
  Rendered users/edit.html.erb within layouts/application (10.2ms)
  Rendered user_credentials/shared/_logout.html.erb (0.6ms)
Completed 200 OK in 103ms (Views: 98.7ms | ActiveRecord: 0.4ms)
